{"level":"info","message":"hapi-auth-jwt2 registered successfully","timestamp":"11:03:27 AM"}
{"level":"info","message":"Server started as http://0.0.0.0:3001","timestamp":"11:03:29 AM"}
{"level":"info","message":"hapi-auth-jwt2 registered successfully","timestamp":"11:04:21 AM"}
{"level":"info","message":"Server started as http://0.0.0.0:3001","timestamp":"11:04:23 AM"}
{"level":"info","message":"hapi-auth-jwt2 registered successfully","timestamp":"11:05:42 AM"}
{"level":"info","message":"Server started as http://0.0.0.0:3001","timestamp":"11:05:43 AM"}
{"level":"info","message":"hapi-auth-jwt2 registered successfully","timestamp":"11:37:50 AM"}
{"level":"info","message":"Server started as http://0.0.0.0:3001","timestamp":"11:37:50 AM"}
{"level":"info","message":"hapi-auth-jwt2 registered successfully","timestamp":"11:38:35 AM"}
{"level":"info","message":"Server started as http://0.0.0.0:3001","timestamp":"11:38:35 AM"}
{"level":"info","message":"Connected to MySQL","timestamp":"11:38:35 AM"}
{"level":"info","message":"hapi-auth-jwt2 registered successfully","timestamp":"11:47:47 AM"}
{"level":"info","message":"Server started as http://0.0.0.0:3001","timestamp":"11:47:48 AM"}
{"level":"info","message":"Connected to MySQL","timestamp":"11:47:48 AM"}
{"level":"info","message":"hapi-auth-jwt2 registered successfully","timestamp":"11:48:28 AM"}
{"level":"info","message":"Server started as http://0.0.0.0:3001","timestamp":"11:48:29 AM"}
{"level":"info","message":"Connected to MySQL","timestamp":"11:48:29 AM"}
{"level":"info","message":"hapi-auth-jwt2 registered successfully","timestamp":"11:49:28 AM"}
{"level":"info","message":"Server started as http://0.0.0.0:3001","timestamp":"11:49:28 AM"}
{"level":"info","message":"Connected to MySQL","timestamp":"11:49:28 AM"}
{"level":"info","message":"hapi-auth-jwt2 registered successfully","timestamp":"11:58:46 AM"}
{"level":"info","message":"Server started as http://0.0.0.0:3001","timestamp":"11:58:46 AM"}
{"level":"info","message":"Connected to MySQL","timestamp":"11:58:46 AM"}
{"level":"info","message":"Connected to Redis","timestamp":"11:58:46 AM"}
{"0":{"1":1},"level":"info","message":"","timestamp":"11:59:45 AM"}
{"0":{"1":1},"level":"info","message":"","timestamp":"12:00:45 PM"}
{"0":{"1":1},"level":"info","message":"","timestamp":"12:01:45 PM"}
{"0":{"1":1},"level":"info","message":"","timestamp":"12:02:45 PM"}
{"0":{"1":1},"level":"info","message":"","timestamp":"12:03:45 PM"}
{"0":{"1":1},"level":"info","message":"","timestamp":"12:04:45 PM"}
{"0":{"1":1},"level":"info","message":"","timestamp":"12:05:45 PM"}
{"level":"info","message":"hapi-auth-jwt2 registered successfully","timestamp":"12:05:57 PM"}
{"level":"info","message":"Server started as http://0.0.0.0:3001","timestamp":"12:05:57 PM"}
{"level":"info","message":"Connected to MySQL","timestamp":"12:05:57 PM"}
{"level":"info","message":"Connected to Redis","timestamp":"12:05:57 PM"}
{"level":"info","message":"hapi-auth-jwt2 registered successfully","timestamp":"12:09:22 PM"}
{"level":"info","message":"Server started as http://0.0.0.0:3001","timestamp":"12:09:23 PM"}
{"level":"info","message":"Connected to MySQL","timestamp":"12:09:23 PM"}
{"level":"info","message":"Connected to Redis","timestamp":"12:09:23 PM"}
{"level":"info","message":"hapi-auth-jwt2 registered successfully","timestamp":"12:11:34 PM"}
{"level":"info","message":"Server started as http://0.0.0.0:3001","timestamp":"12:11:35 PM"}
{"level":"info","message":"Connected to MySQL","timestamp":"12:11:35 PM"}
{"level":"info","message":"Connected to Redis","timestamp":"12:11:35 PM"}
{"level":"info","message":"hapi-auth-jwt2 registered successfully","timestamp":"12:12:01 PM"}
{"level":"info","message":"Server started as http://0.0.0.0:3001","timestamp":"12:12:01 PM"}
{"level":"info","message":"Connected to MySQL","timestamp":"12:12:01 PM"}
{"level":"info","message":"Connected to Redis","timestamp":"12:12:01 PM"}
{"level":"info","message":"hapi-auth-jwt2 registered successfully","timestamp":"12:12:49 PM"}
{"level":"info","message":"Server started as http://0.0.0.0:3001","timestamp":"12:12:49 PM"}
{"level":"info","message":"Connected to MySQL","timestamp":"12:12:49 PM"}
{"level":"info","message":"Connected to Redis","timestamp":"12:12:49 PM"}
{"0":{"1":1},"level":"info","message":"","timestamp":"12:13:48 PM"}
{"0":{"1":1},"level":"info","message":"","timestamp":"12:14:48 PM"}
{"0":{"1":1},"level":"info","message":"","timestamp":"12:15:48 PM"}
{"0":{"1":1},"level":"info","message":"","timestamp":"12:16:48 PM"}
{"0":{"1":1},"level":"info","message":"","timestamp":"12:17:49 PM"}
{"0":{"1":1},"level":"info","message":"","timestamp":"12:18:48 PM"}
{"0":{"1":1},"level":"info","message":"","timestamp":"12:19:48 PM"}
{"0":{"1":1},"level":"info","message":"","timestamp":"12:20:49 PM"}
{"0":{"1":1},"level":"info","message":"","timestamp":"12:21:48 PM"}
{"0":{"1":1},"level":"info","message":"","timestamp":"12:22:48 PM"}
{"0":{"1":1},"level":"info","message":"","timestamp":"12:23:48 PM"}
{"0":{"1":1},"level":"info","message":"","timestamp":"12:24:48 PM"}
{"0":{"1":1},"level":"info","message":"","timestamp":"12:25:48 PM"}
{"0":{"1":1},"level":"info","message":"","timestamp":"12:26:48 PM"}
{"0":{"1":1},"level":"info","message":"","timestamp":"12:27:48 PM"}
{"0":{"1":1},"level":"info","message":"","timestamp":"12:28:48 PM"}
{"0":{"1":1},"level":"info","message":"","timestamp":"12:29:48 PM"}
{"level":"info","message":"hapi-auth-jwt2 registered successfully","timestamp":"12:30:18 PM"}
{"level":"info","message":"Server started as http://0.0.0.0:3001","timestamp":"12:30:18 PM"}
{"level":"info","message":"Connected to MySQL","timestamp":"12:30:18 PM"}
{"level":"info","message":"Connected to Redis","timestamp":"12:30:18 PM"}
{"0":{"1":1},"level":"info","message":"","timestamp":"12:31:17 PM"}
{"level":"info","message":"hapi-auth-jwt2 registered successfully","timestamp":"12:31:24 PM"}
{"level":"info","message":"Server started as http://0.0.0.0:3001","timestamp":"12:31:24 PM"}
{"level":"info","message":"Connected to MySQL","timestamp":"12:31:25 PM"}
{"level":"info","message":"Connected to Redis","timestamp":"12:31:25 PM"}
{"0":{"1":1},"level":"info","message":"","timestamp":"12:32:23 PM"}
{"0":{"1":1},"level":"info","message":"","timestamp":"12:33:23 PM"}
{"0":{"1":1},"level":"info","message":"","timestamp":"12:34:23 PM"}
{"level":"info","message":"hapi-auth-jwt2 registered successfully","timestamp":"12:34:49 PM"}
{"level":"info","message":"Server started as http://0.0.0.0:3001","timestamp":"12:34:49 PM"}
{"level":"info","message":"Connected to MySQL","timestamp":"12:34:49 PM"}
{"level":"info","message":"Connected to Redis","timestamp":"12:34:49 PM"}
{"level":"info","message":"hapi-auth-jwt2 registered successfully","timestamp":"12:35:48 PM"}
{"level":"info","message":"Server started as http://0.0.0.0:3001","timestamp":"12:35:49 PM"}
{"level":"info","message":"Connected to MySQL","timestamp":"12:35:49 PM"}
{"level":"info","message":"Connected to Redis","timestamp":"12:35:49 PM"}
{"level":"info","message":"hapi-auth-jwt2 registered successfully","timestamp":"12:36:10 PM"}
{"level":"info","message":"Server started as http://0.0.0.0:3001","timestamp":"12:36:10 PM"}
{"level":"info","message":"Connected to MySQL","timestamp":"12:36:10 PM"}
{"level":"info","message":"Connected to Redis","timestamp":"12:36:10 PM"}
{"0":{"1":1},"level":"info","message":"","timestamp":"12:37:09 PM"}
{"0":{"1":1},"level":"info","message":"","timestamp":"12:38:09 PM"}
{"level":"info","message":"hapi-auth-jwt2 registered successfully","timestamp":"12:39:08 PM"}
{"level":"info","message":"Server started as http://0.0.0.0:3001","timestamp":"12:39:08 PM"}
{"level":"info","message":"Connected to MySQL","timestamp":"12:39:08 PM"}
{"level":"info","message":"Connected to Redis","timestamp":"12:39:08 PM"}
{"0":{"1":1},"level":"info","message":"","timestamp":"12:40:07 PM"}
{"level":"info","message":"hapi-auth-jwt2 registered successfully","timestamp":"12:40:27 PM"}
{"level":"info","message":"Server started as http://0.0.0.0:3001","timestamp":"12:40:27 PM"}
{"level":"info","message":"Connected to MySQL","timestamp":"12:40:28 PM"}
{"level":"info","message":"Connected to Redis","timestamp":"12:40:28 PM"}
{"level":"info","message":"hapi-auth-jwt2 registered successfully","timestamp":"12:41:16 PM"}
{"level":"info","message":"Server started as http://0.0.0.0:3001","timestamp":"12:41:16 PM"}
{"level":"info","message":"Connected to MySQL","timestamp":"12:41:16 PM"}
{"level":"info","message":"Connected to Redis","timestamp":"12:41:16 PM"}
{"level":"info","message":"hapi-auth-jwt2 registered successfully","timestamp":"12:42:13 PM"}
{"level":"info","message":"Server started as http://0.0.0.0:3001","timestamp":"12:42:14 PM"}
{"level":"info","message":"Connected to MySQL","timestamp":"12:42:14 PM"}
{"level":"info","message":"Connected to Redis","timestamp":"12:42:14 PM"}
{"0":{"1":1},"level":"info","message":"","timestamp":"12:43:13 PM"}
{"level":"info","message":"hapi-auth-jwt2 registered successfully","timestamp":"12:43:27 PM"}
{"level":"info","message":"Server started as http://0.0.0.0:3001","timestamp":"12:43:28 PM"}
{"level":"info","message":"Connected to MySQL","timestamp":"12:43:28 PM"}
{"level":"info","message":"Connected to Redis","timestamp":"12:43:28 PM"}
{"level":"info","message":"hapi-auth-jwt2 registered successfully","timestamp":"12:43:41 PM"}
{"level":"info","message":"Server started as http://0.0.0.0:3001","timestamp":"12:43:41 PM"}
{"level":"info","message":"Connected to MySQL","timestamp":"12:43:41 PM"}
{"level":"info","message":"Connected to Redis","timestamp":"12:43:41 PM"}
{"0":{"1":1},"level":"info","message":"","timestamp":"12:44:40 PM"}
{"level":"info","message":"hapi-auth-jwt2 registered successfully","timestamp":"12:45:13 PM"}
{"level":"info","message":"Server started as http://0.0.0.0:3001","timestamp":"12:45:13 PM"}
{"level":"info","message":"Connected to MySQL","timestamp":"12:45:13 PM"}
{"level":"info","message":"Connected to Redis","timestamp":"12:45:13 PM"}
{"level":"info","message":"hapi-auth-jwt2 registered successfully","timestamp":"12:45:23 PM"}
{"level":"info","message":"Server started as http://0.0.0.0:3001","timestamp":"12:45:23 PM"}
{"level":"info","message":"Connected to MySQL","timestamp":"12:45:23 PM"}
{"level":"info","message":"Connected to Redis","timestamp":"12:45:23 PM"}
{"0":{"1":1},"level":"info","message":"","timestamp":"12:46:23 PM"}
{"0":{"1":1},"level":"info","message":"","timestamp":"12:47:23 PM"}
{"0":{"1":1},"level":"info","message":"","timestamp":"12:48:23 PM"}
{"level":"info","message":"hapi-auth-jwt2 registered successfully","timestamp":"12:48:36 PM"}
{"level":"info","message":"Server started as http://0.0.0.0:3001","timestamp":"12:48:36 PM"}
{"level":"info","message":"Connected to MySQL","timestamp":"12:48:36 PM"}
{"level":"info","message":"Connected to Redis","timestamp":"12:48:36 PM"}
{"level":"info","message":"hapi-auth-jwt2 registered successfully","timestamp":"12:48:49 PM"}
{"level":"info","message":"Server started as http://0.0.0.0:3001","timestamp":"12:48:49 PM"}
{"level":"info","message":"Connected to MySQL","timestamp":"12:48:49 PM"}
{"level":"info","message":"Connected to Redis","timestamp":"12:48:49 PM"}
{"level":"info","message":"hapi-auth-jwt2 registered successfully","timestamp":"12:49:35 PM"}
{"level":"info","message":"Server started as http://0.0.0.0:3001","timestamp":"12:49:35 PM"}
{"level":"info","message":"Connected to MySQL","timestamp":"12:49:35 PM"}
{"level":"info","message":"Connected to Redis","timestamp":"12:49:35 PM"}
{"0":{"1":1},"level":"info","message":"","timestamp":"12:50:35 PM"}
{"level":"info","message":"hapi-auth-jwt2 registered successfully","timestamp":"12:51:15 PM"}
{"level":"info","message":"Server started as http://0.0.0.0:3001","timestamp":"12:51:16 PM"}
{"level":"info","message":"Connected to MySQL","timestamp":"12:51:16 PM"}
{"level":"info","message":"Connected to Redis","timestamp":"12:51:16 PM"}
{"0":{"1":1},"level":"info","message":"","timestamp":"12:52:15 PM"}
{"0":{"1":1},"level":"info","message":"","timestamp":"12:53:15 PM"}
{"0":{"1":1},"level":"info","message":"","timestamp":"12:54:15 PM"}
{"0":{"1":1},"level":"info","message":"","timestamp":"12:55:15 PM"}
{"0":{"1":1},"level":"info","message":"","timestamp":"12:56:15 PM"}
{"0":{"1":1},"level":"info","message":"","timestamp":"12:57:15 PM"}
{"0":{"1":1},"level":"info","message":"","timestamp":"12:58:15 PM"}
{"0":{"1":1},"level":"info","message":"","timestamp":"12:59:15 PM"}
{"0":{"1":1},"level":"info","message":"","timestamp":"1:00:15 PM"}
{"0":{"1":1},"level":"info","message":"","timestamp":"1:01:15 PM"}
{"0":{"1":1},"level":"info","message":"","timestamp":"1:02:15 PM"}
{"0":{"1":1},"level":"info","message":"","timestamp":"1:03:15 PM"}
{"0":{"1":1},"level":"info","message":"","timestamp":"1:04:15 PM"}
{"0":{"1":1},"level":"info","message":"","timestamp":"1:05:15 PM"}
{"0":{"1":1},"level":"info","message":"","timestamp":"1:06:15 PM"}
{"0":{"1":1},"level":"info","message":"","timestamp":"1:07:15 PM"}
{"0":{"1":1},"level":"info","message":"","timestamp":"1:08:15 PM"}
{"0":{"1":1},"level":"info","message":"","timestamp":"1:09:15 PM"}
{"0":{"1":1},"level":"info","message":"","timestamp":"1:10:15 PM"}
{"0":{"1":1},"level":"info","message":"","timestamp":"1:11:15 PM"}
{"0":{"1":1},"level":"info","message":"","timestamp":"1:12:15 PM"}
{"0":{"1":1},"level":"info","message":"","timestamp":"1:13:15 PM"}
{"0":{"1":1},"level":"info","message":"","timestamp":"1:14:15 PM"}
{"0":{"1":1},"level":"info","message":"","timestamp":"1:15:15 PM"}
{"0":{"1":1},"level":"info","message":"","timestamp":"1:16:15 PM"}
{"0":{"1":1},"level":"info","message":"","timestamp":"1:17:15 PM"}
{"level":"info","message":"hapi-auth-jwt2 registered successfully","timestamp":"1:17:52 PM"}
{"level":"info","message":"Server started as http://0.0.0.0:3001","timestamp":"1:17:53 PM"}
{"level":"info","message":"Connected to MySQL","timestamp":"1:17:53 PM"}
{"level":"info","message":"Connected to Redis","timestamp":"1:17:53 PM"}
{"level":"info","message":"hapi-auth-jwt2 registered successfully","timestamp":"1:18:33 PM"}
{"level":"info","message":"Server started as http://0.0.0.0:3001","timestamp":"1:18:33 PM"}
{"level":"info","message":"Connected to MySQL","timestamp":"1:18:33 PM"}
{"level":"info","message":"Connected to Redis","timestamp":"1:18:33 PM"}
{"level":"info","message":"hapi-auth-jwt2 registered successfully","timestamp":"1:18:46 PM"}
{"level":"info","message":"Server started as http://0.0.0.0:3001","timestamp":"1:18:47 PM"}
{"level":"info","message":"Connected to MySQL","timestamp":"1:18:47 PM"}
{"level":"info","message":"Connected to Redis","timestamp":"1:18:47 PM"}
{"0":{"1":1},"level":"info","message":"","timestamp":"1:19:46 PM"}
{"level":"info","message":"hapi-auth-jwt2 registered successfully","timestamp":"1:20:43 PM"}
{"level":"info","message":"Server started as http://0.0.0.0:3001","timestamp":"1:20:44 PM"}
{"level":"info","message":"Connected to MySQL","timestamp":"1:20:44 PM"}
{"level":"info","message":"Connected to Redis","timestamp":"1:20:44 PM"}
{"level":"info","message":"hapi-auth-jwt2 registered successfully","timestamp":"1:20:57 PM"}
{"level":"info","message":"Server started as http://0.0.0.0:3001","timestamp":"1:20:58 PM"}
{"level":"info","message":"Connected to MySQL","timestamp":"1:20:58 PM"}
{"level":"info","message":"Connected to Redis","timestamp":"1:20:58 PM"}
{"0":{"1":1},"level":"info","message":"","timestamp":"1:21:57 PM"}
{"0":{"1":1},"level":"info","message":"","timestamp":"1:22:57 PM"}
{"level":"info","message":"hapi-auth-jwt2 registered successfully","timestamp":"1:23:31 PM"}
{"level":"info","message":"Server started as http://0.0.0.0:3001","timestamp":"1:23:31 PM"}
{"level":"info","message":"Connected to MySQL","timestamp":"1:23:31 PM"}
{"level":"info","message":"Connected to Redis","timestamp":"1:23:31 PM"}
{"level":"info","message":"hapi-auth-jwt2 registered successfully","timestamp":"1:23:35 PM"}
{"level":"info","message":"Server started as http://0.0.0.0:3001","timestamp":"1:23:35 PM"}
{"level":"info","message":"Connected to MySQL","timestamp":"1:23:35 PM"}
{"level":"info","message":"Connected to Redis","timestamp":"1:23:35 PM"}
{"0":{"1":1},"level":"info","message":"","timestamp":"1:24:35 PM"}
{"0":{"1":1},"level":"info","message":"","timestamp":"1:25:35 PM"}
{"level":"info","message":"hapi-auth-jwt2 registered successfully","timestamp":"1:26:27 PM"}
{"level":"info","message":"Server started as http://0.0.0.0:3001","timestamp":"1:26:27 PM"}
{"level":"info","message":"Connected to MySQL","timestamp":"1:26:27 PM"}
{"level":"info","message":"Connected to Redis","timestamp":"1:26:27 PM"}
{"level":"info","message":"hapi-auth-jwt2 registered successfully","timestamp":"1:27:08 PM"}
{"level":"info","message":"Server started as http://0.0.0.0:3001","timestamp":"1:27:08 PM"}
{"level":"info","message":"Connected to MySQL","timestamp":"1:27:08 PM"}
{"level":"info","message":"Connected to Redis","timestamp":"1:27:08 PM"}
{"level":"info","message":"hapi-auth-jwt2 registered successfully","timestamp":"1:28:05 PM"}
{"level":"info","message":"Server started as http://0.0.0.0:3001","timestamp":"1:28:06 PM"}
{"level":"info","message":"Connected to MySQL","timestamp":"1:28:06 PM"}
{"level":"info","message":"Connected to Redis","timestamp":"1:28:06 PM"}
{"level":"info","message":"hapi-auth-jwt2 registered successfully","timestamp":"1:28:50 PM"}
{"level":"info","message":"Server started as http://0.0.0.0:3001","timestamp":"1:28:50 PM"}
{"level":"info","message":"Connected to MySQL","timestamp":"1:28:50 PM"}
{"level":"info","message":"Connected to Redis","timestamp":"1:28:50 PM"}
{"0":{"1":1},"level":"info","message":"","timestamp":"1:29:49 PM"}
{"level":"info","message":"hapi-auth-jwt2 registered successfully","timestamp":"1:30:43 PM"}
{"level":"info","message":"Server started as http://0.0.0.0:3001","timestamp":"1:30:43 PM"}
{"level":"info","message":"Connected to MySQL","timestamp":"1:30:43 PM"}
{"level":"info","message":"Connected to Redis","timestamp":"1:30:43 PM"}
{"level":"info","message":"hapi-auth-jwt2 registered successfully","timestamp":"1:31:27 PM"}
{"level":"info","message":"Server started as http://0.0.0.0:3001","timestamp":"1:31:28 PM"}
{"level":"info","message":"Connected to MySQL","timestamp":"1:31:28 PM"}
{"level":"info","message":"Connected to Redis","timestamp":"1:31:28 PM"}
{"level":"info","message":"hapi-auth-jwt2 registered successfully","timestamp":"1:32:10 PM"}
{"level":"info","message":"Server started as http://0.0.0.0:3001","timestamp":"1:32:11 PM"}
{"level":"info","message":"Connected to MySQL","timestamp":"1:32:11 PM"}
{"level":"info","message":"Connected to Redis","timestamp":"1:32:11 PM"}
{"level":"info","message":"hapi-auth-jwt2 registered successfully","timestamp":"1:32:29 PM"}
{"level":"info","message":"Server started as http://0.0.0.0:3001","timestamp":"1:32:29 PM"}
{"level":"info","message":"Connected to MySQL","timestamp":"1:32:29 PM"}
{"level":"info","message":"Connected to Redis","timestamp":"1:32:29 PM"}
{"0":{"1":1},"level":"info","message":"","timestamp":"1:33:28 PM"}
{"0":{"1":1},"level":"info","message":"","timestamp":"1:34:28 PM"}
{"0":{"1":1},"level":"info","message":"","timestamp":"1:35:28 PM"}
{"level":"info","message":"hapi-auth-jwt2 registered successfully","timestamp":"1:35:53 PM"}
{"level":"info","message":"Server started as http://0.0.0.0:3001","timestamp":"1:35:53 PM"}
{"level":"info","message":"Connected to MySQL","timestamp":"1:35:53 PM"}
{"level":"info","message":"Connected to Redis","timestamp":"1:35:53 PM"}
{"level":"info","message":"hapi-auth-jwt2 registered successfully","timestamp":"1:36:15 PM"}
{"level":"info","message":"Server started as http://0.0.0.0:3001","timestamp":"1:36:16 PM"}
{"level":"info","message":"Connected to MySQL","timestamp":"1:36:16 PM"}
{"level":"info","message":"Connected to Redis","timestamp":"1:36:16 PM"}
{"level":"info","message":"hapi-auth-jwt2 registered successfully","timestamp":"1:36:36 PM"}
{"level":"info","message":"Server started as http://0.0.0.0:3001","timestamp":"1:36:37 PM"}
{"level":"info","message":"Connected to MySQL","timestamp":"1:36:37 PM"}
{"level":"info","message":"Connected to Redis","timestamp":"1:36:37 PM"}
{"level":"info","message":"hapi-auth-jwt2 registered successfully","timestamp":"1:37:22 PM"}
{"level":"info","message":"Server started as http://0.0.0.0:3001","timestamp":"1:37:23 PM"}
{"level":"info","message":"Connected to MySQL","timestamp":"1:37:23 PM"}
{"level":"info","message":"Connected to Redis","timestamp":"1:37:23 PM"}
{"level":"info","message":"hapi-auth-jwt2 registered successfully","timestamp":"1:37:46 PM"}
{"level":"info","message":"Server started as http://0.0.0.0:3001","timestamp":"1:37:46 PM"}
{"level":"info","message":"Connected to MySQL","timestamp":"1:37:46 PM"}
{"level":"info","message":"Connected to Redis","timestamp":"1:37:46 PM"}
{"level":"info","message":"hapi-auth-jwt2 registered successfully","timestamp":"1:38:10 PM"}
{"level":"info","message":"Server started as http://0.0.0.0:3001","timestamp":"1:38:10 PM"}
{"level":"info","message":"hapi-auth-jwt2 registered successfully","timestamp":"1:38:29 PM"}
{"level":"info","message":"Server started as http://0.0.0.0:3001","timestamp":"1:38:29 PM"}
{"level":"info","message":"Connected to MySQL","timestamp":"1:38:29 PM"}
{"level":"info","message":"Connected to Redis","timestamp":"1:38:29 PM"}
{"level":"info","message":"hapi-auth-jwt2 registered successfully","timestamp":"1:39:01 PM"}
{"level":"info","message":"Server started as http://0.0.0.0:3001","timestamp":"1:39:01 PM"}
{"level":"info","message":"Connected to MySQL","timestamp":"1:39:01 PM"}
{"level":"info","message":"Connected to Redis","timestamp":"1:39:01 PM"}
{"level":"info","message":"hapi-auth-jwt2 registered successfully","timestamp":"1:39:31 PM"}
{"level":"info","message":"Server started as http://0.0.0.0:3001","timestamp":"1:39:31 PM"}
{"level":"info","message":"Connected to MySQL","timestamp":"1:39:31 PM"}
{"level":"info","message":"Connected to Redis","timestamp":"1:39:31 PM"}
{"0":{"1":1},"level":"info","message":"","timestamp":"1:40:30 PM"}
{"0":{"1":1},"level":"info","message":"","timestamp":"1:41:30 PM"}
{"0":{"1":1},"level":"info","message":"","timestamp":"1:42:30 PM"}
{"0":{"1":1},"level":"info","message":"","timestamp":"1:43:30 PM"}
{"0":{"1":1},"level":"info","message":"","timestamp":"1:44:30 PM"}
{"0":{"1":1},"level":"info","message":"","timestamp":"1:45:30 PM"}
{"0":{"1":1},"level":"info","message":"","timestamp":"1:46:30 PM"}
{"0":{"1":1},"level":"info","message":"","timestamp":"1:47:30 PM"}
{"0":{"1":1},"level":"info","message":"","timestamp":"1:48:30 PM"}
{"0":{"1":1},"level":"info","message":"","timestamp":"1:49:30 PM"}
{"0":{"1":1},"level":"info","message":"","timestamp":"1:50:30 PM"}
{"0":{"1":1},"level":"info","message":"","timestamp":"1:51:30 PM"}
{"0":{"1":1},"level":"info","message":"","timestamp":"1:52:30 PM"}
{"0":{"1":1},"level":"info","message":"","timestamp":"1:53:30 PM"}
{"0":{"1":1},"level":"info","message":"","timestamp":"1:54:30 PM"}
{"0":{"1":1},"level":"info","message":"","timestamp":"1:55:30 PM"}
{"0":{"1":1},"level":"info","message":"","timestamp":"1:56:30 PM"}
{"0":{"1":1},"level":"info","message":"","timestamp":"1:57:30 PM"}
{"0":{"1":1},"level":"info","message":"","timestamp":"1:58:30 PM"}
{"0":{"1":1},"level":"info","message":"","timestamp":"1:59:31 PM"}
{"0":{"1":1},"level":"info","message":"","timestamp":"2:00:31 PM"}
{"0":{"1":1},"level":"info","message":"","timestamp":"2:01:31 PM"}
{"0":{"1":1},"level":"info","message":"","timestamp":"2:02:31 PM"}
{"0":{"1":1},"level":"info","message":"","timestamp":"2:03:31 PM"}
{"0":{"1":1},"level":"info","message":"","timestamp":"2:04:31 PM"}
{"0":{"1":1},"level":"info","message":"","timestamp":"2:05:31 PM"}
{"0":{"1":1},"level":"info","message":"","timestamp":"2:06:31 PM"}
{"0":{"1":1},"level":"info","message":"","timestamp":"2:07:31 PM"}
{"0":{"1":1},"level":"info","message":"","timestamp":"2:08:31 PM"}
{"0":{"1":1},"level":"info","message":"","timestamp":"2:09:31 PM"}
{"0":{"1":1},"level":"info","message":"","timestamp":"2:10:31 PM"}
{"0":{"1":1},"level":"info","message":"","timestamp":"2:11:31 PM"}
{"0":{"1":1},"level":"info","message":"","timestamp":"2:12:31 PM"}
{"0":{"1":1},"level":"info","message":"","timestamp":"2:13:31 PM"}
{"0":{"1":1},"level":"info","message":"","timestamp":"2:14:31 PM"}
{"0":{"1":1},"level":"info","message":"","timestamp":"2:15:31 PM"}
{"0":{"1":1},"level":"info","message":"","timestamp":"2:16:31 PM"}
{"0":{"1":1},"level":"info","message":"","timestamp":"2:17:31 PM"}
{"0":{"1":1},"level":"info","message":"","timestamp":"2:18:31 PM"}
{"0":{"1":1},"level":"info","message":"","timestamp":"2:19:31 PM"}
{"0":{"1":1},"level":"info","message":"","timestamp":"2:20:31 PM"}
{"0":{"1":1},"level":"info","message":"","timestamp":"2:21:31 PM"}
{"0":{"1":1},"level":"info","message":"","timestamp":"2:22:31 PM"}
{"0":{"1":1},"level":"info","message":"","timestamp":"2:23:31 PM"}
{"0":{"1":1},"level":"info","message":"","timestamp":"2:24:31 PM"}
{"0":{"1":1},"level":"info","message":"","timestamp":"2:25:31 PM"}
{"0":{"1":1},"level":"info","message":"","timestamp":"2:26:31 PM"}
{"0":{"1":1},"level":"info","message":"","timestamp":"2:27:31 PM"}
{"0":{"1":1},"level":"info","message":"","timestamp":"2:28:31 PM"}
{"0":{"1":1},"level":"info","message":"","timestamp":"2:29:31 PM"}
{"0":{"1":1},"level":"info","message":"","timestamp":"2:30:31 PM"}
{"0":{"1":1},"level":"info","message":"","timestamp":"2:31:31 PM"}
{"0":{"1":1},"level":"info","message":"","timestamp":"2:32:31 PM"}
{"0":{"1":1},"level":"info","message":"","timestamp":"2:33:31 PM"}
{"0":{"1":1},"level":"info","message":"","timestamp":"2:34:31 PM"}
{"0":{"1":1},"level":"info","message":"","timestamp":"2:35:31 PM"}
{"0":{"1":1},"level":"info","message":"","timestamp":"2:36:31 PM"}
{"0":{"1":1},"level":"info","message":"","timestamp":"2:37:31 PM"}
{"0":{"1":1},"level":"info","message":"","timestamp":"2:38:31 PM"}
{"0":{"1":1},"level":"info","message":"","timestamp":"2:39:31 PM"}
{"0":{"1":1},"level":"info","message":"","timestamp":"2:40:31 PM"}
{"0":{"1":1},"level":"info","message":"","timestamp":"2:41:31 PM"}
{"0":{"1":1},"level":"info","message":"","timestamp":"2:42:31 PM"}
{"0":{"1":1},"level":"info","message":"","timestamp":"2:43:31 PM"}
{"0":{"1":1},"level":"info","message":"","timestamp":"2:44:31 PM"}
{"0":{"1":1},"level":"info","message":"","timestamp":"2:45:31 PM"}
{"0":{"1":1},"level":"info","message":"","timestamp":"2:46:31 PM"}
{"0":{"1":1},"level":"info","message":"","timestamp":"2:47:31 PM"}
{"0":{"1":1},"level":"info","message":"","timestamp":"2:48:31 PM"}
{"0":{"1":1},"level":"info","message":"","timestamp":"2:49:31 PM"}
{"0":{"1":1},"level":"info","message":"","timestamp":"2:50:31 PM"}
{"0":{"1":1},"level":"info","message":"","timestamp":"2:51:31 PM"}
{"0":{"1":1},"level":"info","message":"","timestamp":"2:52:31 PM"}
{"0":{"1":1},"level":"info","message":"","timestamp":"2:53:31 PM"}
{"0":{"1":1},"level":"info","message":"","timestamp":"2:54:31 PM"}
{"0":{"1":1},"level":"info","message":"","timestamp":"2:55:31 PM"}
{"0":{"1":1},"level":"info","message":"","timestamp":"2:56:31 PM"}
{"0":{"1":1},"level":"info","message":"","timestamp":"2:57:31 PM"}
{"0":{"1":1},"level":"info","message":"","timestamp":"2:58:31 PM"}
{"0":{"1":1},"level":"info","message":"","timestamp":"2:59:31 PM"}
{"0":{"1":1},"level":"info","message":"","timestamp":"3:00:31 PM"}
{"0":{"1":1},"level":"info","message":"","timestamp":"3:01:31 PM"}
{"0":{"1":1},"level":"info","message":"","timestamp":"3:02:31 PM"}
{"0":{"1":1},"level":"info","message":"","timestamp":"3:03:31 PM"}
{"0":{"1":1},"level":"info","message":"","timestamp":"3:04:31 PM"}
{"0":{"1":1},"level":"info","message":"","timestamp":"3:05:31 PM"}
{"0":{"1":1},"level":"info","message":"","timestamp":"3:06:31 PM"}
{"0":{"1":1},"level":"info","message":"","timestamp":"3:07:31 PM"}
{"0":{"1":1},"level":"info","message":"","timestamp":"3:08:31 PM"}
{"0":{"1":1},"level":"info","message":"","timestamp":"3:09:31 PM"}
{"0":{"1":1},"level":"info","message":"","timestamp":"3:10:31 PM"}
{"0":{"1":1},"level":"info","message":"","timestamp":"3:11:31 PM"}
{"0":{"1":1},"level":"info","message":"","timestamp":"3:12:31 PM"}
{"0":{"1":1},"level":"info","message":"","timestamp":"3:13:31 PM"}
{"0":{"1":1},"level":"info","message":"","timestamp":"3:14:31 PM"}
{"0":{"1":1},"level":"info","message":"","timestamp":"3:15:31 PM"}
{"0":{"1":1},"level":"info","message":"","timestamp":"3:16:31 PM"}
{"0":{"1":1},"level":"info","message":"","timestamp":"3:17:31 PM"}
{"0":{"1":1},"level":"info","message":"","timestamp":"3:18:31 PM"}
{"0":{"1":1},"level":"info","message":"","timestamp":"3:19:31 PM"}
{"0":{"1":1},"level":"info","message":"","timestamp":"3:20:31 PM"}
{"0":{"1":1},"level":"info","message":"","timestamp":"3:21:31 PM"}
{"0":{"1":1},"level":"info","message":"","timestamp":"3:22:31 PM"}
{"0":{"1":1},"level":"info","message":"","timestamp":"3:23:31 PM"}
{"0":{"1":1},"level":"info","message":"","timestamp":"3:24:31 PM"}
{"0":{"1":1},"level":"info","message":"","timestamp":"3:25:31 PM"}
{"0":{"1":1},"level":"info","message":"","timestamp":"3:26:31 PM"}
{"0":{"1":1},"level":"info","message":"","timestamp":"3:27:31 PM"}
{"0":{"1":1},"level":"info","message":"","timestamp":"3:28:31 PM"}
{"0":{"1":1},"level":"info","message":"","timestamp":"3:29:31 PM"}
{"0":{"1":1},"level":"info","message":"","timestamp":"3:30:31 PM"}
{"0":{"1":1},"level":"info","message":"","timestamp":"3:31:31 PM"}
{"0":{"1":1},"level":"info","message":"","timestamp":"3:32:31 PM"}
{"0":{"1":1},"level":"info","message":"","timestamp":"3:33:31 PM"}
{"0":{"1":1},"level":"info","message":"","timestamp":"3:34:31 PM"}
{"0":{"1":1},"level":"info","message":"","timestamp":"3:35:31 PM"}
{"0":{"1":1},"level":"info","message":"","timestamp":"3:36:31 PM"}
{"0":{"1":1},"level":"info","message":"","timestamp":"3:37:31 PM"}
{"0":{"1":1},"level":"info","message":"","timestamp":"3:38:31 PM"}
{"0":{"1":1},"level":"info","message":"","timestamp":"3:39:31 PM"}
{"0":{"1":1},"level":"info","message":"","timestamp":"3:40:31 PM"}
{"0":{"1":1},"level":"info","message":"","timestamp":"3:41:31 PM"}
{"0":{"1":1},"level":"info","message":"","timestamp":"3:42:31 PM"}
{"0":{"1":1},"level":"info","message":"","timestamp":"3:43:31 PM"}
{"0":{"1":1},"level":"info","message":"","timestamp":"3:44:31 PM"}
{"0":{"1":1},"level":"info","message":"","timestamp":"3:45:31 PM"}
{"0":{"1":1},"level":"info","message":"","timestamp":"3:46:31 PM"}
{"0":{"1":1},"level":"info","message":"","timestamp":"3:47:31 PM"}
{"0":{"1":1},"level":"info","message":"","timestamp":"3:48:31 PM"}
{"0":{"1":1},"level":"info","message":"","timestamp":"3:49:31 PM"}
{"0":{"1":1},"level":"info","message":"","timestamp":"3:50:31 PM"}
{"0":{"1":1},"level":"info","message":"","timestamp":"3:51:31 PM"}
{"0":{"1":1},"level":"info","message":"","timestamp":"3:52:31 PM"}
{"0":{"1":1},"level":"info","message":"","timestamp":"3:53:31 PM"}
{"0":{"1":1},"level":"info","message":"","timestamp":"3:54:31 PM"}
{"0":{"1":1},"level":"info","message":"","timestamp":"3:55:31 PM"}
{"0":{"1":1},"level":"info","message":"","timestamp":"3:56:31 PM"}
{"0":{"1":1},"level":"info","message":"","timestamp":"3:57:31 PM"}
{"0":{"1":1},"level":"info","message":"","timestamp":"3:58:31 PM"}
{"0":{"1":1},"level":"info","message":"","timestamp":"3:59:31 PM"}
{"0":{"1":1},"level":"info","message":"","timestamp":"4:00:31 PM"}
{"0":{"1":1},"level":"info","message":"","timestamp":"4:01:31 PM"}
{"0":{"1":1},"level":"info","message":"","timestamp":"4:02:31 PM"}
{"0":{"1":1},"level":"info","message":"","timestamp":"4:03:31 PM"}
{"0":{"1":1},"level":"info","message":"","timestamp":"4:04:31 PM"}
{"0":{"1":1},"level":"info","message":"","timestamp":"4:05:31 PM"}
{"0":{"1":1},"level":"info","message":"","timestamp":"4:06:31 PM"}
{"0":{"1":1},"level":"info","message":"","timestamp":"4:07:31 PM"}
{"0":{"1":1},"level":"info","message":"","timestamp":"4:08:31 PM"}
{"0":{"1":1},"level":"info","message":"","timestamp":"4:09:31 PM"}
{"0":{"1":1},"level":"info","message":"","timestamp":"4:10:31 PM"}
{"0":{"1":1},"level":"info","message":"","timestamp":"4:11:31 PM"}
{"0":{"1":1},"level":"info","message":"","timestamp":"4:12:31 PM"}
{"0":{"1":1},"level":"info","message":"","timestamp":"4:13:31 PM"}
{"0":{"1":1},"level":"info","message":"","timestamp":"4:14:31 PM"}
{"0":{"1":1},"level":"info","message":"","timestamp":"4:15:31 PM"}
{"0":{"1":1},"level":"info","message":"","timestamp":"4:16:31 PM"}
{"0":{"1":1},"level":"info","message":"","timestamp":"4:17:31 PM"}
{"0":{"1":1},"level":"info","message":"","timestamp":"4:18:31 PM"}
{"0":{"1":1},"level":"info","message":"","timestamp":"4:19:31 PM"}
{"0":{"1":1},"level":"info","message":"","timestamp":"4:20:31 PM"}
{"0":{"1":1},"level":"info","message":"","timestamp":"4:21:31 PM"}
{"level":"info","message":"hapi-auth-jwt2 registered successfully","timestamp":"4:22:23 PM"}
{"level":"info","message":"Server started as http://0.0.0.0:3001","timestamp":"4:22:24 PM"}
{"level":"info","message":"Connected to MySQL","timestamp":"4:22:24 PM"}
{"level":"info","message":"Connected to Redis","timestamp":"4:22:24 PM"}
{"level":"info","message":"hapi-auth-jwt2 registered successfully","timestamp":"4:22:37 PM"}
{"level":"info","message":"Server started as http://0.0.0.0:3001","timestamp":"4:22:37 PM"}
{"level":"info","message":"Connected to MySQL","timestamp":"4:22:37 PM"}
{"level":"info","message":"Connected to Redis","timestamp":"4:22:37 PM"}
{"0":{"1":1},"level":"info","message":"","timestamp":"4:23:36 PM"}
{"0":{"1":1},"level":"info","message":"","timestamp":"4:24:36 PM"}
{"0":{"1":1},"level":"info","message":"","timestamp":"4:25:36 PM"}
{"0":{"1":1},"level":"info","message":"","timestamp":"4:26:36 PM"}
{"0":{"1":1},"level":"info","message":"","timestamp":"4:27:36 PM"}
{"0":{"1":1},"level":"info","message":"","timestamp":"4:28:36 PM"}
{"0":{"1":1},"level":"info","message":"","timestamp":"4:29:36 PM"}
{"0":{"1":1},"level":"info","message":"","timestamp":"4:30:36 PM"}
{"0":{"1":1},"level":"info","message":"","timestamp":"4:31:36 PM"}
{"0":{"1":1},"level":"info","message":"","timestamp":"4:32:36 PM"}
{"0":{"1":1},"level":"info","message":"","timestamp":"4:33:36 PM"}
{"0":{"1":1},"level":"info","message":"","timestamp":"4:34:36 PM"}
{"0":{"1":1},"level":"info","message":"","timestamp":"4:35:36 PM"}
{"0":{"1":1},"level":"info","message":"","timestamp":"4:36:36 PM"}
{"0":{"1":1},"level":"info","message":"","timestamp":"4:37:36 PM"}
{"0":{"1":1},"level":"info","message":"","timestamp":"4:38:36 PM"}
{"0":{"1":1},"level":"info","message":"","timestamp":"4:39:36 PM"}
{"0":{"1":1},"level":"info","message":"","timestamp":"4:40:36 PM"}
{"0":{"1":1},"level":"info","message":"","timestamp":"4:41:36 PM"}
{"0":{"1":1},"level":"info","message":"","timestamp":"4:42:36 PM"}
{"0":{"1":1},"level":"info","message":"","timestamp":"4:43:36 PM"}
{"0":{"1":1},"level":"info","message":"","timestamp":"4:44:36 PM"}
{"0":{"1":1},"level":"info","message":"","timestamp":"4:45:36 PM"}
{"0":{"1":1},"level":"info","message":"","timestamp":"4:46:36 PM"}
{"0":{"1":1},"level":"info","message":"","timestamp":"4:47:36 PM"}
{"0":{"1":1},"level":"info","message":"","timestamp":"4:48:36 PM"}
{"0":{"1":1},"level":"info","message":"","timestamp":"4:49:36 PM"}
{"0":{"1":1},"level":"info","message":"","timestamp":"4:50:36 PM"}
{"0":{"1":1},"level":"info","message":"","timestamp":"4:51:36 PM"}
{"0":{"1":1},"level":"info","message":"","timestamp":"4:52:36 PM"}
{"0":{"1":1},"level":"info","message":"","timestamp":"4:53:36 PM"}
{"0":{"1":1},"level":"info","message":"","timestamp":"4:54:36 PM"}
{"0":{"1":1},"level":"info","message":"","timestamp":"4:55:36 PM"}
{"0":{"1":1},"level":"info","message":"","timestamp":"4:56:36 PM"}
{"0":{"1":1},"level":"info","message":"","timestamp":"4:57:36 PM"}
{"0":{"1":1},"level":"info","message":"","timestamp":"4:58:36 PM"}
{"0":{"1":1},"level":"info","message":"","timestamp":"4:59:36 PM"}
{"0":{"1":1},"level":"info","message":"","timestamp":"5:00:36 PM"}
{"0":{"1":1},"level":"info","message":"","timestamp":"5:01:36 PM"}
{"0":{"1":1},"level":"info","message":"","timestamp":"5:02:36 PM"}
{"0":{"1":1},"level":"info","message":"","timestamp":"5:03:36 PM"}
{"0":{"1":1},"level":"info","message":"","timestamp":"5:04:36 PM"}
{"0":{"1":1},"level":"info","message":"","timestamp":"5:05:36 PM"}
{"0":{"1":1},"level":"info","message":"","timestamp":"5:06:36 PM"}
{"0":{"1":1},"level":"info","message":"","timestamp":"5:07:36 PM"}
{"0":{"1":1},"level":"info","message":"","timestamp":"5:08:36 PM"}
{"0":{"1":1},"level":"info","message":"","timestamp":"5:09:36 PM"}
{"0":{"1":1},"level":"info","message":"","timestamp":"5:10:36 PM"}
{"0":{"1":1},"level":"info","message":"","timestamp":"5:11:36 PM"}
{"0":{"1":1},"level":"info","message":"","timestamp":"5:12:36 PM"}
{"0":{"1":1},"level":"info","message":"","timestamp":"5:13:36 PM"}
{"0":{"1":1},"level":"info","message":"","timestamp":"5:14:36 PM"}
{"0":{"1":1},"level":"info","message":"","timestamp":"5:15:36 PM"}
{"0":{"1":1},"level":"info","message":"","timestamp":"5:16:36 PM"}
{"0":{"1":1},"level":"info","message":"","timestamp":"5:17:36 PM"}
{"0":{"1":1},"level":"info","message":"","timestamp":"5:18:36 PM"}
{"0":{"1":1},"level":"info","message":"","timestamp":"5:19:36 PM"}
{"0":{"1":1},"level":"info","message":"","timestamp":"5:20:36 PM"}
{"0":{"1":1},"level":"info","message":"","timestamp":"5:21:36 PM"}
{"0":{"1":1},"level":"info","message":"","timestamp":"5:22:36 PM"}
{"0":{"1":1},"level":"info","message":"","timestamp":"5:23:36 PM"}
{"0":{"1":1},"level":"info","message":"","timestamp":"5:24:36 PM"}
{"0":{"1":1},"level":"info","message":"","timestamp":"5:25:36 PM"}
{"0":{"1":1},"level":"info","message":"","timestamp":"5:26:36 PM"}
{"0":{"1":1},"level":"info","message":"","timestamp":"5:27:36 PM"}
{"0":{"1":1},"level":"info","message":"","timestamp":"5:28:36 PM"}
{"0":{"1":1},"level":"info","message":"","timestamp":"5:29:36 PM"}
{"0":{"1":1},"level":"info","message":"","timestamp":"5:30:36 PM"}
{"0":{"1":1},"level":"info","message":"","timestamp":"5:31:36 PM"}
{"0":{"1":1},"level":"info","message":"","timestamp":"5:32:36 PM"}
{"0":{"1":1},"level":"info","message":"","timestamp":"5:33:36 PM"}
{"0":{"1":1},"level":"info","message":"","timestamp":"5:34:36 PM"}
{"0":{"1":1},"level":"info","message":"","timestamp":"5:35:36 PM"}
{"0":{"1":1},"level":"info","message":"","timestamp":"5:36:36 PM"}
{"0":{"1":1},"level":"info","message":"","timestamp":"5:37:36 PM"}
{"0":{"1":1},"level":"info","message":"","timestamp":"5:38:36 PM"}
{"0":{"1":1},"level":"info","message":"","timestamp":"5:39:36 PM"}
{"0":{"1":1},"level":"info","message":"","timestamp":"5:40:36 PM"}
{"0":{"1":1},"level":"info","message":"","timestamp":"5:41:36 PM"}
{"0":{"1":1},"level":"info","message":"","timestamp":"5:42:36 PM"}
{"0":{"1":1},"level":"info","message":"","timestamp":"5:43:36 PM"}
{"0":{"1":1},"level":"info","message":"","timestamp":"5:44:36 PM"}
{"0":{"1":1},"level":"info","message":"","timestamp":"5:45:36 PM"}
{"0":{"1":1},"level":"info","message":"","timestamp":"5:46:36 PM"}
{"0":{"1":1},"level":"info","message":"","timestamp":"5:47:36 PM"}
{"0":{"1":1},"level":"info","message":"","timestamp":"5:48:36 PM"}
{"0":{"1":1},"level":"info","message":"","timestamp":"5:49:36 PM"}
{"0":{"1":1},"level":"info","message":"","timestamp":"5:50:36 PM"}
{"0":{"1":1},"level":"info","message":"","timestamp":"5:51:36 PM"}
{"0":{"1":1},"level":"info","message":"","timestamp":"5:52:36 PM"}
{"0":{"1":1},"level":"info","message":"","timestamp":"5:53:36 PM"}
{"0":{"1":1},"level":"info","message":"","timestamp":"5:54:36 PM"}
{"0":{"1":1},"level":"info","message":"","timestamp":"5:55:36 PM"}
{"0":{"1":1},"level":"info","message":"","timestamp":"5:56:36 PM"}
{"0":{"1":1},"level":"info","message":"","timestamp":"5:57:36 PM"}
{"0":{"1":1},"level":"info","message":"","timestamp":"5:58:36 PM"}
{"0":{"1":1},"level":"info","message":"","timestamp":"5:59:36 PM"}
{"0":{"1":1},"level":"info","message":"","timestamp":"6:00:36 PM"}
{"0":{"1":1},"level":"info","message":"","timestamp":"6:01:36 PM"}
{"0":{"1":1},"level":"info","message":"","timestamp":"6:02:36 PM"}
{"0":{"1":1},"level":"info","message":"","timestamp":"6:03:36 PM"}
{"0":{"1":1},"level":"info","message":"","timestamp":"6:04:36 PM"}
{"0":{"1":1},"level":"info","message":"","timestamp":"6:05:36 PM"}
{"0":{"1":1},"level":"info","message":"","timestamp":"6:06:36 PM"}
{"0":{"1":1},"level":"info","message":"","timestamp":"6:07:36 PM"}
{"0":{"1":1},"level":"info","message":"","timestamp":"6:08:36 PM"}
{"0":{"1":1},"level":"info","message":"","timestamp":"6:09:36 PM"}
{"0":{"1":1},"level":"info","message":"","timestamp":"6:10:36 PM"}
{"0":{"1":1},"level":"info","message":"","timestamp":"6:11:36 PM"}
{"0":{"1":1},"level":"info","message":"","timestamp":"6:12:36 PM"}
{"0":{"1":1},"level":"info","message":"","timestamp":"6:13:36 PM"}
{"0":{"1":1},"level":"info","message":"","timestamp":"6:14:36 PM"}
{"0":{"1":1},"level":"info","message":"","timestamp":"6:15:36 PM"}
{"0":{"1":1},"level":"info","message":"","timestamp":"6:16:36 PM"}
{"0":{"1":1},"level":"info","message":"","timestamp":"6:17:36 PM"}
{"0":{"1":1},"level":"info","message":"","timestamp":"6:18:36 PM"}
{"0":{"1":1},"level":"info","message":"","timestamp":"6:19:36 PM"}
{"0":{"1":1},"level":"info","message":"","timestamp":"6:20:36 PM"}
{"0":{"1":1},"level":"info","message":"","timestamp":"6:21:36 PM"}
{"0":{"1":1},"level":"info","message":"","timestamp":"6:22:36 PM"}
{"0":{"1":1},"level":"info","message":"","timestamp":"6:23:36 PM"}
{"0":{"1":1},"level":"info","message":"","timestamp":"6:24:36 PM"}
{"0":{"1":1},"level":"info","message":"","timestamp":"6:25:36 PM"}
{"0":{"1":1},"level":"info","message":"","timestamp":"6:26:36 PM"}
{"0":{"1":1},"level":"info","message":"","timestamp":"6:27:36 PM"}
{"0":{"1":1},"level":"info","message":"","timestamp":"6:28:36 PM"}
{"0":{"1":1},"level":"info","message":"","timestamp":"6:29:36 PM"}
{"0":{"1":1},"level":"info","message":"","timestamp":"6:30:36 PM"}
{"0":{"1":1},"level":"info","message":"","timestamp":"6:31:36 PM"}
{"0":{"1":1},"level":"info","message":"","timestamp":"6:32:36 PM"}
{"0":{"1":1},"level":"info","message":"","timestamp":"6:33:36 PM"}
{"0":{"1":1},"level":"info","message":"","timestamp":"6:34:36 PM"}
{"level":"info","message":"hapi-auth-jwt2 registered successfully","timestamp":"6:35:37 PM"}
{"level":"info","message":"Server started as http://0.0.0.0:3001","timestamp":"6:35:38 PM"}
{"level":"info","message":"Connected to MySQL","timestamp":"6:35:38 PM"}
{"level":"info","message":"Connected to Redis","timestamp":"6:35:38 PM"}
{"level":"info","message":"hapi-auth-jwt2 registered successfully","timestamp":"6:36:08 PM"}
{"level":"info","message":"Server started as http://0.0.0.0:3001","timestamp":"6:36:09 PM"}
{"level":"info","message":"Connected to MySQL","timestamp":"6:36:09 PM"}
{"level":"info","message":"Connected to Redis","timestamp":"6:36:09 PM"}
{"0":{"1":1},"level":"info","message":"","timestamp":"6:37:08 PM"}
{"level":"info","message":"hapi-auth-jwt2 registered successfully","timestamp":"6:37:11 PM"}
{"level":"info","message":"Server started as http://0.0.0.0:3001","timestamp":"6:37:12 PM"}
{"level":"info","message":"Connected to MySQL","timestamp":"6:37:12 PM"}
{"level":"info","message":"Connected to Redis","timestamp":"6:37:12 PM"}
{"level":"info","message":"hapi-auth-jwt2 registered successfully","timestamp":"6:38:04 PM"}
{"level":"info","message":"Server started as http://0.0.0.0:3001","timestamp":"6:38:04 PM"}
{"level":"info","message":"Connected to MySQL","timestamp":"6:38:04 PM"}
{"level":"info","message":"Connected to Redis","timestamp":"6:38:04 PM"}
{"level":"info","message":"hapi-auth-jwt2 registered successfully","timestamp":"6:38:44 PM"}
{"level":"info","message":"Server started as http://0.0.0.0:3001","timestamp":"6:38:44 PM"}
{"level":"info","message":"Connected to MySQL","timestamp":"6:38:44 PM"}
{"level":"info","message":"Connected to Redis","timestamp":"6:38:44 PM"}
{"0":{"1":1},"level":"info","message":"","timestamp":"6:39:43 PM"}
{"level":"info","message":"hapi-auth-jwt2 registered successfully","timestamp":"6:39:56 PM"}
{"level":"info","message":"Server started as http://0.0.0.0:3001","timestamp":"6:39:57 PM"}
{"level":"info","message":"Connected to MySQL","timestamp":"6:39:57 PM"}
{"level":"info","message":"Connected to Redis","timestamp":"6:39:57 PM"}
{"0":{"1":1},"level":"info","message":"","timestamp":"6:40:56 PM"}
{"0":{"1":1},"level":"info","message":"","timestamp":"6:41:56 PM"}
{"0":{"1":1},"level":"info","message":"","timestamp":"6:42:56 PM"}
{"0":{"1":1},"level":"info","message":"","timestamp":"6:43:56 PM"}
{"0":{"1":1},"level":"info","message":"","timestamp":"6:44:56 PM"}
{"0":{"1":1},"level":"info","message":"","timestamp":"6:45:56 PM"}
{"0":{"1":1},"level":"info","message":"","timestamp":"6:46:56 PM"}
{"0":{"1":1},"level":"info","message":"","timestamp":"6:47:56 PM"}
{"0":{"1":1},"level":"info","message":"","timestamp":"6:48:56 PM"}
{"0":{"1":1},"level":"info","message":"","timestamp":"6:49:56 PM"}
{"0":{"1":1},"level":"info","message":"","timestamp":"6:50:56 PM"}
{"0":{"1":1},"level":"info","message":"","timestamp":"6:51:56 PM"}
{"0":{"1":1},"level":"info","message":"","timestamp":"6:52:56 PM"}
{"0":{"1":1},"level":"info","message":"","timestamp":"6:53:56 PM"}
{"0":{"1":1},"level":"info","message":"","timestamp":"6:54:56 PM"}
{"0":{"1":1},"level":"info","message":"","timestamp":"6:55:56 PM"}
{"0":{"1":1},"level":"info","message":"","timestamp":"6:56:56 PM"}
{"0":{"1":1},"level":"info","message":"","timestamp":"6:57:56 PM"}
{"0":{"1":1},"level":"info","message":"","timestamp":"6:58:56 PM"}
{"0":{"1":1},"level":"info","message":"","timestamp":"6:59:56 PM"}
{"0":{"1":1},"level":"info","message":"","timestamp":"7:00:56 PM"}
{"0":{"1":1},"level":"info","message":"","timestamp":"7:01:56 PM"}
{"0":{"1":1},"level":"info","message":"","timestamp":"7:02:56 PM"}
{"0":{"1":1},"level":"info","message":"","timestamp":"7:03:56 PM"}
{"0":{"1":1},"level":"info","message":"","timestamp":"7:04:56 PM"}
{"0":{"1":1},"level":"info","message":"","timestamp":"7:05:56 PM"}
{"0":{"1":1},"level":"info","message":"","timestamp":"7:06:56 PM"}
{"0":{"1":1},"level":"info","message":"","timestamp":"7:07:56 PM"}
{"0":{"1":1},"level":"info","message":"","timestamp":"7:08:56 PM"}
{"0":{"1":1},"level":"info","message":"","timestamp":"7:09:56 PM"}
{"0":{"1":1},"level":"info","message":"","timestamp":"7:10:56 PM"}
{"0":{"1":1},"level":"info","message":"","timestamp":"7:11:56 PM"}
{"0":{"1":1},"level":"info","message":"","timestamp":"7:12:56 PM"}
{"0":{"1":1},"level":"info","message":"","timestamp":"7:13:56 PM"}
{"0":{"1":1},"level":"info","message":"","timestamp":"7:14:56 PM"}
{"0":{"1":1},"level":"info","message":"","timestamp":"7:15:56 PM"}
{"0":{"1":1},"level":"info","message":"","timestamp":"7:16:56 PM"}
{"0":{"1":1},"level":"info","message":"","timestamp":"7:17:56 PM"}
{"0":{"1":1},"level":"info","message":"","timestamp":"7:18:56 PM"}
{"0":{"1":1},"level":"info","message":"","timestamp":"7:19:56 PM"}
{"0":{"1":1},"level":"info","message":"","timestamp":"7:20:56 PM"}
{"0":{"1":1},"level":"info","message":"","timestamp":"7:21:56 PM"}
{"0":{"1":1},"level":"info","message":"","timestamp":"7:22:56 PM"}
{"0":{"1":1},"level":"info","message":"","timestamp":"7:23:56 PM"}
{"0":{"1":1},"level":"info","message":"","timestamp":"7:24:56 PM"}
{"0":{"1":1},"level":"info","message":"","timestamp":"7:25:56 PM"}
{"0":{"1":1},"level":"info","message":"","timestamp":"7:26:56 PM"}
{"0":{"1":1},"level":"info","message":"","timestamp":"7:27:56 PM"}
{"0":{"1":1},"level":"info","message":"","timestamp":"7:28:56 PM"}
{"0":{"1":1},"level":"info","message":"","timestamp":"7:29:56 PM"}
{"0":{"1":1},"level":"info","message":"","timestamp":"7:30:56 PM"}
{"0":{"1":1},"level":"info","message":"","timestamp":"7:31:56 PM"}
{"0":{"1":1},"level":"info","message":"","timestamp":"7:32:56 PM"}
{"0":{"1":1},"level":"info","message":"","timestamp":"7:33:56 PM"}
{"0":{"1":1},"level":"info","message":"","timestamp":"7:34:56 PM"}
{"0":{"1":1},"level":"info","message":"","timestamp":"7:35:56 PM"}
{"0":{"1":1},"level":"info","message":"","timestamp":"7:36:56 PM"}
{"0":{"1":1},"level":"info","message":"","timestamp":"7:37:56 PM"}
{"0":{"1":1},"level":"info","message":"","timestamp":"7:38:56 PM"}
{"0":{"1":1},"level":"info","message":"","timestamp":"7:39:56 PM"}
{"0":{"1":1},"level":"info","message":"","timestamp":"7:40:56 PM"}
{"0":{"1":1},"level":"info","message":"","timestamp":"7:41:56 PM"}
{"0":{"1":1},"level":"info","message":"","timestamp":"7:42:56 PM"}
{"0":{"1":1},"level":"info","message":"","timestamp":"7:43:56 PM"}
{"0":{"1":1},"level":"info","message":"","timestamp":"7:44:56 PM"}
{"0":{"1":1},"level":"info","message":"","timestamp":"7:45:56 PM"}
{"0":{"1":1},"level":"info","message":"","timestamp":"7:46:56 PM"}
{"0":{"1":1},"level":"info","message":"","timestamp":"7:47:56 PM"}
{"0":{"1":1},"level":"info","message":"","timestamp":"7:48:56 PM"}
{"0":{"1":1},"level":"info","message":"","timestamp":"7:49:56 PM"}
{"0":{"1":1},"level":"info","message":"","timestamp":"7:50:56 PM"}
{"0":{"1":1},"level":"info","message":"","timestamp":"7:51:56 PM"}
{"0":{"1":1},"level":"info","message":"","timestamp":"7:52:56 PM"}
{"0":{"1":1},"level":"info","message":"","timestamp":"7:53:56 PM"}
{"0":{"1":1},"level":"info","message":"","timestamp":"7:54:56 PM"}
{"0":{"1":1},"level":"info","message":"","timestamp":"7:55:56 PM"}
{"0":{"1":1},"level":"info","message":"","timestamp":"7:56:56 PM"}
{"0":{"1":1},"level":"info","message":"","timestamp":"7:57:56 PM"}
{"0":{"1":1},"level":"info","message":"","timestamp":"7:58:56 PM"}
{"0":{"1":1},"level":"info","message":"","timestamp":"7:59:56 PM"}
{"0":{"1":1},"level":"info","message":"","timestamp":"8:00:56 PM"}
{"0":{"1":1},"level":"info","message":"","timestamp":"8:01:56 PM"}
{"0":{"1":1},"level":"info","message":"","timestamp":"8:02:56 PM"}
{"0":{"1":1},"level":"info","message":"","timestamp":"8:03:56 PM"}
{"0":{"1":1},"level":"info","message":"","timestamp":"8:04:56 PM"}
{"0":{"1":1},"level":"info","message":"","timestamp":"8:05:56 PM"}
{"0":{"1":1},"level":"info","message":"","timestamp":"8:06:56 PM"}
{"0":{"1":1},"level":"info","message":"","timestamp":"8:07:56 PM"}
{"0":{"1":1},"level":"info","message":"","timestamp":"8:08:56 PM"}
{"0":{"1":1},"level":"info","message":"","timestamp":"8:09:56 PM"}
{"0":{"1":1},"level":"info","message":"","timestamp":"8:10:56 PM"}
{"0":{"1":1},"level":"info","message":"","timestamp":"8:11:56 PM"}
{"0":{"1":1},"level":"info","message":"","timestamp":"8:12:56 PM"}
{"0":{"1":1},"level":"info","message":"","timestamp":"8:13:56 PM"}
{"0":{"1":1},"level":"info","message":"","timestamp":"8:14:56 PM"}
{"0":{"1":1},"level":"info","message":"","timestamp":"8:15:56 PM"}
{"0":{"1":1},"level":"info","message":"","timestamp":"8:16:56 PM"}
{"0":{"1":1},"level":"info","message":"","timestamp":"8:17:56 PM"}
{"0":{"1":1},"level":"info","message":"","timestamp":"8:18:56 PM"}
{"0":{"1":1},"level":"info","message":"","timestamp":"8:19:56 PM"}
{"0":{"1":1},"level":"info","message":"","timestamp":"8:20:56 PM"}
{"0":{"1":1},"level":"info","message":"","timestamp":"8:21:56 PM"}
{"0":{"1":1},"level":"info","message":"","timestamp":"8:22:56 PM"}
{"0":{"1":1},"level":"info","message":"","timestamp":"8:23:56 PM"}
{"0":{"1":1},"level":"info","message":"","timestamp":"8:24:56 PM"}
{"0":{"1":1},"level":"info","message":"","timestamp":"8:25:56 PM"}
{"0":{"1":1},"level":"info","message":"","timestamp":"8:26:56 PM"}
{"0":{"1":1},"level":"info","message":"","timestamp":"8:27:56 PM"}
{"0":{"1":1},"level":"info","message":"","timestamp":"8:28:56 PM"}
{"0":{"1":1},"level":"info","message":"","timestamp":"8:29:56 PM"}
{"0":{"1":1},"level":"info","message":"","timestamp":"8:30:56 PM"}
{"0":{"1":1},"level":"info","message":"","timestamp":"8:31:56 PM"}
